<?xml version="1.0" encoding="UTF-8"?>
<testng-results skipped="0" failed="0" total="1" passed="1">
  <reporter-output>
  </reporter-output>
  <suite name="Default suite" duration-ms="2248" started-at="2019-02-14T10:28:03Z" finished-at="2019-02-14T10:28:06Z">
    <groups>
    </groups>
    <test name="Default test" duration-ms="2248" started-at="2019-02-14T10:28:03Z" finished-at="2019-02-14T10:28:06Z">
      <class name="basics7_twitter">
        <test-method status="PASS" signature="getSession()[pri:0, instance:basics7_twitter@6e06451e]" name="getSession" is-config="true" duration-ms="269" started-at="2019-02-14T12:28:03Z" finished-at="2019-02-14T12:28:04Z">
          <reporter-output>
          </reporter-output>
        </test-method> <!-- getSession -->
        <test-method status="PASS" signature="createTweet()[pri:0, instance:basics7_twitter@6e06451e]" name="createTweet" duration-ms="1587" started-at="2019-02-14T12:28:04Z" finished-at="2019-02-14T12:28:05Z">
          <reporter-output>
          </reporter-output>
        </test-method> <!-- createTweet -->
        <test-method status="PASS" signature="cleanUp()[pri:0, instance:basics7_twitter@6e06451e]" name="cleanUp" is-config="true" duration-ms="383" started-at="2019-02-14T12:28:05Z" finished-at="2019-02-14T12:28:06Z">
          <reporter-output>
          </reporter-output>
        </test-method> <!-- cleanUp -->
      </class> <!-- basics7_twitter -->
    </test> <!-- Default test -->
  </suite> <!-- Default suite -->
</testng-results>
