<?xml version="1.0" encoding="UTF-8"?>
<!-- Generated by org.testng.reporters.JUnitXMLReporter -->
<testsuite hostname="justinasz-mbp15.local" ignored="0" name="Test" tests="3" failures="0" timestamp="19 Feb 2019 09:32:27 GMT" time="0.024" errors="0">
  <testcase name="browserAutomation" time="0.006" classname="justinasTraining.seleniumTests"/>
  <testcase name="apiTest" time="0.0" classname="justinasTraining.apiTests"/>
  <testcase name="appTest" time="0.0" classname="justinasTraining.appiumTests"/>
</testsuite> <!-- Test -->
