<?xml version="1.0" encoding="UTF-8"?>
<testng-results skipped="0" failed="0" ignored="0" total="3" passed="3">
  <reporter-output>
  </reporter-output>
  <suite name="Suite" duration-ms="24" started-at="2019-02-19T09:32:27Z" finished-at="2019-02-19T09:32:27Z">
    <groups>
    </groups>
    <test name="Test" duration-ms="24" started-at="2019-02-19T09:32:27Z" finished-at="2019-02-19T09:32:27Z">
      <class name="justinasTraining.seleniumTests">
        <test-method status="PASS" signature="browserAutomation()[pri:0, instance:justinasTraining.seleniumTests@26f67b76]" name="browserAutomation" duration-ms="6" started-at="2019-02-19T09:32:27Z" finished-at="2019-02-19T09:32:27Z">
          <reporter-output>
          </reporter-output>
        </test-method> <!-- browserAutomation -->
      </class> <!-- justinasTraining.seleniumTests -->
      <class name="justinasTraining.apiTests">
        <test-method status="PASS" signature="apiTest()[pri:0, instance:justinasTraining.apiTests@153f5a29]" name="apiTest" duration-ms="0" started-at="2019-02-19T09:32:27Z" finished-at="2019-02-19T09:32:27Z">
          <reporter-output>
          </reporter-output>
        </test-method> <!-- apiTest -->
      </class> <!-- justinasTraining.apiTests -->
      <class name="justinasTraining.appiumTests">
        <test-method status="PASS" signature="appTest()[pri:0, instance:justinasTraining.appiumTests@7f560810]" name="appTest" duration-ms="0" started-at="2019-02-19T09:32:27Z" finished-at="2019-02-19T09:32:27Z">
          <reporter-output>
          </reporter-output>
        </test-method> <!-- appTest -->
      </class> <!-- justinasTraining.appiumTests -->
    </test> <!-- Test -->
  </suite> <!-- Suite -->
</testng-results>
